Starting Strategiz Core application...

  .   ____          _            __ _ _
 /\\ / ___'_ __ _ _(_)_ __  __ _ \ \ \ \
( ( )\___ | '_ | '_| | '_ \/ _` | \ \ \ \
 \\/  ___)| |_)| | | | | || (_| |  ) ) ) )
  '  |____| .__|_| |_|_| |_\__, | / / / /
 =========|_|==============|___/=/_/_/_/

 :: Spring Boot ::                (v3.5.0)

2025-06-13T23:32:17.806-04:00  INFO 79295 --- [           main] io.strategiz.application.Application     : Starting Application v1.0-SNAPSHOT using Java 21.0.7 with PID 79295 (/Users/cuztomizer/Documents/GitHub/strategiz-core/application/target/application-1.0-SNAPSHOT.jar started by cuztomizer in /Users/cuztomizer/Documents/GitHub/strategiz-core/application)
2025-06-13T23:32:17.808-04:00  INFO 79295 --- [           main] io.strategiz.application.Application     : The following 2 profiles are active: "default", "dev"
2025-06-13T23:32:18.207-04:00  INFO 79295 --- [           main] o.s.b.f.s.DefaultListableBeanFactory     : Overriding bean definition for bean 'krakenRestTemplate' with a different definition: replacing [Root bean: class=null; scope=; abstract=false; lazyInit=null; autowireMode=3; dependencyCheck=0; autowireCandidate=true; primary=false; fallback=false; factoryBeanName=clientKrakenConfig; factoryMethodName=krakenRestTemplate; initMethodNames=null; destroyMethodNames=[(inferred)]; defined in class path resource [io/strategiz/client/kraken/config/ClientKrakenConfig.class]] with [Root bean: class=null; scope=; abstract=false; lazyInit=null; autowireMode=3; dependencyCheck=0; autowireCandidate=true; primary=false; fallback=false; factoryBeanName=krakenClientConfig; factoryMethodName=krakenRestTemplate; initMethodNames=null; destroyMethodNames=[(inferred)]; defined in class path resource [io/strategiz/client/kraken/config/KrakenClientConfig.class]]
2025-06-13T23:32:18.207-04:00  INFO 79295 --- [           main] o.s.b.f.s.DefaultListableBeanFactory     : Overriding bean definition for bean 'coinbaseRestTemplate' with a different definition: replacing [Root bean: class=null; scope=; abstract=false; lazyInit=null; autowireMode=3; dependencyCheck=0; autowireCandidate=true; primary=false; fallback=false; factoryBeanName=clientCoinbaseConfig; factoryMethodName=coinbaseRestTemplate; initMethodNames=null; destroyMethodNames=[(inferred)]; defined in class path resource [io/strategiz/client/coinbase/config/ClientCoinbaseConfig.class]] with [Root bean: class=null; scope=; abstract=false; lazyInit=null; autowireMode=3; dependencyCheck=0; autowireCandidate=true; primary=false; fallback=false; factoryBeanName=coinbaseClientConfig; factoryMethodName=coinbaseRestTemplate; initMethodNames=null; destroyMethodNames=[(inferred)]; defined in class path resource [io/strategiz/client/coinbase/config/CoinbaseClientConfig.class]]
2025-06-13T23:32:18.208-04:00  INFO 79295 --- [           main] o.s.b.f.s.DefaultListableBeanFactory     : Overriding bean definition for bean 'restTemplate' with a different definition: replacing [Root bean: class=null; scope=; abstract=false; lazyInit=null; autowireMode=3; dependencyCheck=0; autowireCandidate=true; primary=false; fallback=false; factoryBeanName=apiMonitoringConfig; factoryMethodName=restTemplate; initMethodNames=null; destroyMethodNames=[(inferred)]; defined in class path resource [io/strategiz/api/monitoring/config/ApiMonitoringConfig.class]] with [Root bean: class=null; scope=; abstract=false; lazyInit=null; autowireMode=3; dependencyCheck=0; autowireCandidate=true; primary=false; fallback=false; factoryBeanName=webConfig; factoryMethodName=restTemplate; initMethodNames=null; destroyMethodNames=[(inferred)]; defined in class path resource [io/strategiz/api/base/config/WebConfig.class]]
2025-06-13T23:32:18.636-04:00  INFO 79295 --- [           main] o.s.b.w.embedded.tomcat.TomcatWebServer  : Tomcat initialized with port 8080 (http)
2025-06-13T23:32:18.644-04:00  INFO 79295 --- [           main] o.apache.catalina.core.StandardService   : Starting service [Tomcat]
2025-06-13T23:32:18.644-04:00  INFO 79295 --- [           main] o.apache.catalina.core.StandardEngine    : Starting Servlet engine: [Apache Tomcat/10.1.41]
2025-06-13T23:32:18.661-04:00  INFO 79295 --- [           main] o.a.c.c.C.[Tomcat].[localhost].[/]       : Initializing Spring embedded WebApplicationContext
2025-06-13T23:32:18.662-04:00  INFO 79295 --- [           main] w.s.c.ServletWebServerApplicationContext : Root WebApplicationContext: initialization completed in 830 ms
2025-06-13T23:32:18.812-04:00  INFO 79295 --- [           main] i.strategiz.client.kraken.KrakenClient   : KrakenClient initialized with API URL: null
2025-06-13T23:32:18.814-04:00  INFO 79295 --- [           main] i.s.s.portfolio.KrakenBrokerageService   : KrakenBrokerageService initialized
2025-06-13T23:32:18.937-04:00  INFO 79295 --- [           main] i.s.s.e.binanceus.BinanceUSService       : Initialized Binance US service with Spring RestTemplate
2025-06-13T23:32:18.942-04:00  INFO 79295 --- [           main] io.strategiz.api.base.config.WebConfig   : Binance RestTemplate initialized with connection timeout: 10000ms, read timeout: 30000ms, redirects disabled
2025-06-13T23:32:18.957-04:00  INFO 79295 --- [           main] i.s.s.exchange.kraken.KrakenService      : KrakenService initialized
2025-06-13T23:32:18.959-04:00  INFO 79295 --- [           main] i.s.client.coinbase.CoinbaseClient       : CoinbaseClient initialized with API URL: https://api.coinbase.com/v2
2025-06-13T23:32:18.975-04:00  INFO 79295 --- [           main] io.strategiz.api.base.config.WebConfig   : RestTemplate initialized with connection timeout: 10000ms, read timeout: 30000ms
2025-06-13T23:32:18.979-04:00  INFO 79295 --- [           main] i.s.c.b.config.ClientBinanceUSConfig     : Initializing BinanceUS API Client using Spring property injection
2025-06-13T23:32:18.989-04:00  INFO 79295 --- [           main] i.s.client.base.http.BaseHttpClient      : Initialized BaseHttpClient for API at: https://api.binance.us
2025-06-13T23:32:18.989-04:00  INFO 79295 --- [           main] i.s.client.base.http.ProviderClient      : Initialized ProviderClient for provider at: https://api.binance.us
2025-06-13T23:32:18.991-04:00  INFO 79295 --- [           main] i.s.client.binanceus.BinanceUSClient     : Initializing BinanceUSClient with URL https://api.binance.us
2025-06-13T23:32:18.992-04:00  INFO 79295 --- [           main] i.s.business.portfolio.PortfolioManager  : PortfolioManager initialized with exchange clients
2025-06-13T23:32:18.996-04:00  INFO 79295 --- [           main] i.s.c.c.config.ClientCoinGeckoConfig     : Initializing CoinGecko RestTemplate with timeouts: connect=10000ms, read=30000ms
2025-06-13T23:32:18.999-04:00  INFO 79295 --- [           main] i.s.client.coingecko.CoinGeckoClient     : CoinGeckoClient initialized with base URL: null
2025-06-13T23:32:19.004-04:00  INFO 79295 --- [           main] i.s.c.a.config.ClientAlphaVantageConfig  : Initializing AlphaVantage RestTemplate with timeouts: connect=10000ms, read=30000ms
2025-06-13T23:32:19.005-04:00  INFO 79295 --- [           main] i.s.c.a.config.ClientAlphaVantageConfig  : AlphaVantage RestTemplate created with custom request factory
2025-06-13T23:32:19.005-04:00  INFO 79295 --- [           main] i.s.c.alphavantage.AlphaVantageClient    : AlphaVantageClient initialized with base URL: null
Starting Firebase initialization...
Firebase service account file not found at: /Users/cuztomizer/Documents/GitHub/strategiz-core/application/firebase-service-account.json
Firebase service account file not found at: /Users/cuztomizer/Documents/GitHub/strategiz-core/application/./firebase-service-account.json
Firebase service account file not found at: /Users/cuztomizer/Documents/GitHub/strategiz-core/application/../firebase-service-account.json
Firebase service account file not found at: /Users/cuztomizer/Documents/GitHub/strategiz-core/application/firebase-service-account.json
Found Firebase service account file at: /Users/cuztomizer/Documents/GitHub/strategiz-core/application/src/main/resources/firebase-service-account.json
Loading Firebase configuration from: /Users/cuztomizer/Documents/GitHub/strategiz-core/application/src/main/resources/firebase-service-account.json
Firebase has been initialized successfully!
2025-06-13T23:32:19.629-04:00  INFO 79295 --- [           main] o.s.b.a.e.web.EndpointLinksResolver      : Exposing 6 endpoints beneath base path '/actuator'
2025-06-13T23:32:19.643-04:00  WARN 79295 --- [           main] .s.s.UserDetailsServiceAutoConfiguration : 

Using generated security password: d0bc918b-8e97-4e05-bb5f-38e0d21dbe6c

This generated password is for development use only. Your security configuration must be updated before running your application in production.

2025-06-13T23:32:19.645-04:00  INFO 79295 --- [           main] r$InitializeUserDetailsManagerConfigurer : Global AuthenticationManager configured with UserDetailsService bean with name inMemoryUserDetailsManager
2025-06-13T23:32:19.818-04:00  INFO 79295 --- [           main] o.s.b.w.embedded.tomcat.TomcatWebServer  : Tomcat started on port 8080 (http) with context path '/'
2025-06-13T23:32:19.827-04:00  INFO 79295 --- [           main] io.strategiz.application.Application     : Started Application in 2.233 seconds (process running for 2.406)
Strategiz Core application started successfully.
2025-06-13T23:33:16.586-04:00  INFO 79295 --- [nio-8080-exec-1] o.a.c.c.C.[Tomcat].[localhost].[/]       : Initializing Spring DispatcherServlet 'dispatcherServlet'
2025-06-13T23:33:16.586-04:00  INFO 79295 --- [nio-8080-exec-1] o.s.web.servlet.DispatcherServlet        : Initializing Servlet 'dispatcherServlet'
2025-06-13T23:33:16.587-04:00  INFO 79295 --- [nio-8080-exec-1] o.s.web.servlet.DispatcherServlet        : Completed initialization in 1 ms
2025-06-13T23:33:16.974-04:00  INFO 79295 --- [nio-8080-exec-1] o.springdoc.api.AbstractOpenApiResource  : Init duration for springdoc-openapi is: 357 ms
